[00:33:45] [main/INFO] (FabricLoader) Loading for game Minecraft 1.17.1
[00:33:45] [main/INFO] (Fabric|Loader) [FabricLoader] Loading 54 mods:
	- block_of@1.0.2
	- cloth-basic-math@0.6.0
	- cloth-config2@5.2.47
	- fabric@0.42.1+1.17
	- fabric-api-base@0.4.0+5847535018
	- fabric-api-lookup-api-v1@1.3.1+5847535018
	- fabric-biome-api-v1@3.2.2+5847535018
	- fabric-blockrenderlayer-v1@1.1.6+5847535018
	- fabric-command-api-v1@1.1.4+5847535018
	- fabric-commands-v0@0.2.3+5847535018
	- fabric-containers-v0@0.1.13+5847535018
	- fabric-content-registries-v0@0.3.1+5847535018
	- fabric-crash-report-info-v1@0.1.6+5847535018
	- fabric-dimensions-v1@2.0.13+5847535018
	- fabric-entity-events-v1@1.3.1+5847535018
	- fabric-events-interaction-v0@0.4.11+5847535018
	- fabric-events-lifecycle-v0@0.2.2+5847535018
	- fabric-game-rule-api-v1@1.0.8+5847535018
	- fabric-gametest-api-v1@1.0.2+5847535018
	- fabric-item-api-v1@1.2.5+5847535018
	- fabric-item-groups-v0@0.3.1+5847535018
	- fabric-key-binding-api-v1@1.0.5+5847535018
	- fabric-keybindings-v0@0.2.3+5847535018
	- fabric-lifecycle-events-v1@1.4.5+5847535018
	- fabric-loot-tables-v1@1.0.5+5847535018
	- fabric-mining-level-api-v1@1.0.2+6d0fac4218
	- fabric-mining-levels-v0@0.1.5+6d0fac4218
	- fabric-models-v0@0.3.1+5847535018
	- fabric-networking-api-v1@1.0.14+5847535018
	- fabric-networking-blockentity-v0@0.2.12+5847535018
	- fabric-networking-v0@0.3.3+5847535018
	- fabric-object-builder-api-v1@1.10.11+6d0fac4218
	- fabric-object-builders-v0@0.7.5+6d0fac4218
	- fabric-particles-v1@0.2.5+5847535018
	- fabric-registry-sync-v0@0.7.13+5847535018
	- fabric-renderer-api-v1@0.4.5+5847535018
	- fabric-renderer-indigo@0.4.9+5847535018
	- fabric-renderer-registries-v1@3.2.6+6d0fac4218
	- fabric-rendering-data-attachment-v1@0.1.6+5847535018
	- fabric-rendering-fluids-v1@0.2.1+6d0fac4218
	- fabric-rendering-v0@1.1.7+6d0fac4218
	- fabric-rendering-v1@1.10.1+6d0fac4218
	- fabric-resource-loader-v0@0.4.9+5847535018
	- fabric-screen-api-v1@1.0.5+5847535018
	- fabric-screen-handler-api-v1@1.1.9+5847535018
	- fabric-structure-api-v1@1.1.14+5847535018
	- fabric-tag-extensions-v0@1.2.2+5847535018
	- fabric-textures-v0@1.0.7+5847535018
	- fabric-tool-attribute-api-v1@1.3.1+eb76084f18
	- fabric-transfer-api-v1@1.5.1+6d0fac4218
	- fabricloader@0.11.6
	- java@16
	- minecraft@1.17.1
	- modmenu@2.0.14
[00:33:45] [main/INFO] (mixin) SpongePowered MIXIN Subsystem Version=0.8.2 Source=file:/C:/Users/bahad/.gradle/caches/modules-2/files-2.1/net.fabricmc/sponge-mixin/0.9.4+mixin.0.8.2/ef410951e94c7f4939cc74c86f8df371827818a4/sponge-mixin-0.9.4+mixin.0.8.2.jar Service=Knot/Fabric Env=CLIENT
[00:33:46] [main/INFO] (Fabric|MixinBootstrap) Loaded Fabric development mappings for mixin remapper!
[00:33:46] [main/INFO] (mixin) Compatibility level set to JAVA_16
[00:33:46] [main/WARN] (mixin) @Mixin target net/minecraft/server/world/ServerWorld$ServerEntityHandler is public in fabric-lifecycle-events-v1.mixins.json:ServerWorldEntityLoaderMixin and should be specified in value
[00:33:46] [main/WARN] (mixin) @Mixin target net/minecraft/client/world/ClientWorld$ClientEntityHandler is public in fabric-lifecycle-events-v1.mixins.json:client.ClientWorldEntityLoaderMixin and should be specified in value
[00:33:46] [main/WARN] (mixin) @Mixin target net/minecraft/client/render/block/BlockModelRenderer$AmbientOcclusionCalculator is public in fabric-renderer-indigo.mixins.json:MixinAmbientOcclusionCalculator and should be specified in value
[00:33:46] [main/WARN] (mixin) @Mixin target net/minecraft/client/render/chunk/ChunkBuilder$BuiltChunk$RebuildTask is public in fabric-renderer-indigo.mixins.json:MixinChunkRebuildTask and should be specified in value
[00:33:46] [main/WARN] (mixin) @Mixin target net/minecraft/server/network/ServerPlayNetworkHandler$1 is public in fabric-events-interaction-v0.mixins.json:MixinServerPlayNetworkHandler and should be specified in value
[00:33:46] [main/WARN] (mixin) @Mixin target net/minecraft/village/TradeOffers$TypeAwareBuyForOneEmeraldFactory is public in fabric-object-builder-v1.mixins.json:TypeAwareTradeMixin and should be specified in value
[00:33:46] [main/WARN] (mixin) @Mixin target net/minecraft/client/font/FontManager$1 is public in fabric-resource-loader-v0.mixins.json:client.FontManagerResourceReloadListenerMixin and should be specified in value
[00:33:46] [main/WARN] (mixin) @Mixin target net/minecraft/server/command/GameRuleCommand$1 is public in fabric-game-rule-api-v1.mixins.json:GameRuleCommandVisitorMixin and should be specified in value
[00:33:46] [main/WARN] (mixin) @Mixin target net/minecraft/client/gui/screen/world/EditGameRulesScreen$RuleListWidget$1 is public in fabric-game-rule-api-v1.mixins.json:client.RuleListWidgetVisitorMixin and should be specified in value
[00:33:46] [main/WARN] (mixin) @Mixin target net/minecraft/server/world/ThreadedAnvilChunkStorage$EntityTracker is public in fabric-networking-api-v1.mixins.json:accessor.EntityTrackerAccessor and should be specified in value
[00:33:46] [main/WARN] (mixin) @Mixin target net/minecraft/client/particle/ParticleManager$SimpleSpriteProvider is public in fabric-particles-v1.mixins.json:ParticleManagerAccessor$SimpleSpriteProviderAccessor and should be specified in value
[00:33:46] [main/WARN] (mixin) @Mixin target net/minecraft/data/server/AbstractTagProvider$ObjectBuilder is public in fabric-tag-extensions-v0.mixins.json:MixinObjectBuilder and should be specified in value
[00:33:46] [main/WARN] (mixin) @Mixin target net/minecraft/tag/RequiredTagList$TagWrapper is public in fabric-tag-extensions-v0.mixins.json:MixinTagImpl and should be specified in value
[00:33:47] [main/WARN] (FileUtil) Configuration conflict: there is more than one oshi.properties file on the classpath
[00:33:47] [main/WARN] (FileUtil) Configuration conflict: there is more than one oshi.architecture.properties file on the classpath
[00:33:53] [Render thread/INFO] (Minecraft) Environment: authHost='https://authserver.mojang.com', accountsHost='https://api.mojang.com', sessionHost='https://sessionserver.mojang.com', servicesHost='https://api.minecraftservices.com', name='PROD'
[00:33:54] [Render thread/ERROR] (Minecraft) Failed to verify authentication
com.mojang.authlib.exceptions.InvalidCredentialsException: Status: 401
	at com.mojang.authlib.exceptions.MinecraftClientHttpException.toAuthenticationException(MinecraftClientHttpException.java:56) ~[authlib-2.3.31.jar:?]
	at com.mojang.authlib.yggdrasil.YggdrasilSocialInteractionsService.checkPrivileges(YggdrasilSocialInteractionsService.java:112) ~[authlib-2.3.31.jar:?]
	at com.mojang.authlib.yggdrasil.YggdrasilSocialInteractionsService.<init>(YggdrasilSocialInteractionsService.java:42) ~[authlib-2.3.31.jar:?]
	at com.mojang.authlib.yggdrasil.YggdrasilAuthenticationService.createSocialInteractionsService(YggdrasilAuthenticationService.java:151) ~[authlib-2.3.31.jar:?]
	at net.minecraft.client.MinecraftClient.createSocialInteractionsService(MinecraftClient.java:669) [minecraft-mapped.jar:?]
	at net.minecraft.client.MinecraftClient.<init>(MinecraftClient.java:503) [minecraft-mapped.jar:?]
	at net.minecraft.client.main.Main.main(Main.java:161) [minecraft-mapped.jar:?]
	at jdk.internal.reflect.NativeMethodAccessorImpl.invoke0(Native Method) ~[?:?]
	at jdk.internal.reflect.NativeMethodAccessorImpl.invoke(NativeMethodAccessorImpl.java:78) ~[?:?]
	at jdk.internal.reflect.DelegatingMethodAccessorImpl.invoke(DelegatingMethodAccessorImpl.java:43) ~[?:?]
	at java.lang.reflect.Method.invoke(Method.java:567) ~[?:?]
	at net.fabricmc.loader.game.MinecraftGameProvider.launch(MinecraftGameProvider.java:234) [fabric-loader-0.11.6.jar:?]
	at net.fabricmc.loader.launch.knot.Knot.launch(Knot.java:153) [fabric-loader-0.11.6.jar:?]
	at net.fabricmc.loader.launch.knot.KnotClient.main(KnotClient.java:28) [fabric-loader-0.11.6.jar:?]
	at net.fabricmc.devlaunchinjector.Main.main(Main.java:86) [dev-launch-injector-0.2.1+build.8.jar:?]
Caused by: com.mojang.authlib.exceptions.MinecraftClientHttpException: Status: 401
	at com.mojang.authlib.minecraft.client.MinecraftClient.readInputStream(MinecraftClient.java:77) ~[authlib-2.3.31.jar:?]
	at com.mojang.authlib.minecraft.client.MinecraftClient.get(MinecraftClient.java:47) ~[authlib-2.3.31.jar:?]
	at com.mojang.authlib.yggdrasil.YggdrasilSocialInteractionsService.checkPrivileges(YggdrasilSocialInteractionsService.java:104) ~[authlib-2.3.31.jar:?]
	... 13 more
[00:33:54] [Render thread/INFO] (Minecraft) Setting user: Player401
[00:33:55] [Render thread/INFO] (Minecraft) [STDOUT]: registering mod blocks forblock_of
[00:33:55] [Render thread/INFO] (Minecraft) [STDOUT]: registering fireproof blocks forblock_of
[00:33:55] [Render thread/INFO] (Minecraft) [STDOUT]: registering mod blocks forblock_of
[00:33:55] [Render thread/WARN] (mixin) @Inject(@At("INVOKE")) Shift.BY=3 on fabric-lifecycle-events-v1.mixins.json:client.WorldChunkMixin::handler$zzn000$onLoadBlockEntity exceeds the maximum allowed value: 0. Increase the value of maxShiftBy to suppress this warning.
[00:33:55] [Render thread/INFO] (Indigo) [Indigo] Registering Indigo renderer!
[00:33:56] [Render thread/INFO] (Minecraft) Backend library: LWJGL version 3.2.2 build 10
[00:33:58] [Render thread/INFO] (Minecraft) Narrator library for x64 successfully loaded
[00:33:58] [Render thread/INFO] (Minecraft) Reloading ResourceManager: Default, Fabric Mods (Fabric Renderer API (v1), Fabric Key Bindings (v0), Fabric Loader, Fabric Transfer API (v1), Fabric Structure API (v1), Fabric Mining Level API (v1), Fabric Containers (v0), Fabric Object Builder API (v1), Fabric Dimensions API (v1), Fabric Game Rule API (v1), Fabric API Base, Fabric Rendering Data Attachment (v1), Fabric Textures (v0), Fabric Rendering Fluids (v1), Block Of..., Fabric BlockRenderLayer Registration (v1), Fabric Lifecycle Events (v1), Fabric Renderer Registries (v1), Fabric Loot Tables (v1), Fabric API, Fabric Particles (v1), Fabric Networking (v0), Fabric API Lookup API (v1), Fabric Screen Handler API (v1), Fabric Networking Block Entity (v0), Mod Menu, Fabric Command API (v1), Fabric Screen API (v1), Fabric Tool Attribute API (v1), Fabric Renderer - Indigo, Fabric Crash Report Info (v1), Fabric Item API (v1), Fabric Events Interaction (v0), Fabric Entity Events (v1), Fabric Rendering (v0), Fabric Key Binding API (v1), Fabric Rendering (v1), Cloth Config v5, Fabric Resource Loader (v0), Fabric Content Registries (v0), Fabric Tag Extensions (v0), Fabric Game Test API (v1), Fabric Biome API (v1), Fabric Commands (v0), Fabric Registry Sync (v0), Fabric Mining Levels (v0), Fabric Networking API (v1), Fabric Events Lifecycle (v0), Fabric Models (v0), Fabric Item Groups (v0), Fabric Object Builders (v0))
[00:33:59] [Realms Notification Availability checker #1/INFO] (Minecraft) Could not authorize you against Realms server: Invalid session id
[00:34:02] [Worker-Main-8/ERROR] (Minecraft) Using missing texture, unable to load block_of:textures/block/apple_block.png : java.io.FileNotFoundException: block_of:textures/block/apple_block.png
[00:34:03] [Render thread/INFO] (Minecraft) OpenAL initialized.
[00:34:03] [Render thread/INFO] (Minecraft) Sound engine started
[00:34:03] [Render thread/INFO] (Minecraft) Created: 1024x1024x4 minecraft:textures/atlas/blocks.png-atlas
[00:34:04] [Render thread/INFO] (Minecraft) Created: 256x128x4 minecraft:textures/atlas/signs.png-atlas
[00:34:04] [Render thread/INFO] (Minecraft) Created: 1024x512x4 minecraft:textures/atlas/banner_patterns.png-atlas
[00:34:04] [Render thread/INFO] (Minecraft) Created: 1024x512x4 minecraft:textures/atlas/shield_patterns.png-atlas
[00:34:04] [Render thread/INFO] (Minecraft) Created: 256x256x4 minecraft:textures/atlas/chest.png-atlas
[00:34:04] [Render thread/INFO] (Minecraft) Created: 512x256x4 minecraft:textures/atlas/beds.png-atlas
[00:34:04] [Render thread/INFO] (Minecraft) Created: 512x256x4 minecraft:textures/atlas/shulker_boxes.png-atlas
[00:34:05] [Render thread/INFO] (Minecraft) Created: 256x256x0 minecraft:textures/atlas/particles.png-atlas
[00:34:05] [Render thread/INFO] (Minecraft) Created: 256x256x0 minecraft:textures/atlas/paintings.png-atlas
[00:34:05] [Render thread/INFO] (Minecraft) Created: 256x128x0 minecraft:textures/atlas/mob_effects.png-atlas
[00:34:21] [Render thread/WARN] (Mod Menu) Warning! Mod cloth-basic-math has a broken icon, loading default icon
[00:34:23] [Render thread/WARN] (Mod Menu) Warning! Mod cloth-basic-math has a broken icon, loading default icon
[00:34:27] [Render thread/WARN] (Mod Menu) Warning! Mod cloth-basic-math has a broken icon, loading default icon
[00:34:40] [Render thread/INFO] (Minecraft) Stopping!
